0 info it worked if it ends with ok
1 verbose cli [ 'node', '/usr/local/bin/npm', 'install' ]
2 info using npm@1.3.21
3 info using node@v0.10.24
4 verbose readDependencies using package.json deps
5 verbose install where, deps [ '/Users/alex/src/node-cpp', [ 'express', 'hello-module' ] ]
6 info preinstall TEST@0.0.1
7 verbose readDependencies using package.json deps
8 verbose already installed skipping express@3.x /Users/alex/src/node-cpp
9 verbose cache add [ 'hello-module@0.0.1', null ]
10 verbose cache add name=undefined spec="hello-module@0.0.1" args=["hello-module@0.0.1",null]
11 verbose parsed url { protocol: null,
11 verbose parsed url   slashes: null,
11 verbose parsed url   auth: null,
11 verbose parsed url   host: null,
11 verbose parsed url   port: null,
11 verbose parsed url   hostname: null,
11 verbose parsed url   hash: null,
11 verbose parsed url   search: null,
11 verbose parsed url   query: null,
11 verbose parsed url   pathname: 'hello-module@0.0.1',
11 verbose parsed url   path: 'hello-module@0.0.1',
11 verbose parsed url   href: 'hello-module@0.0.1' }
12 verbose cache add name="hello-module" spec="0.0.1" args=["hello-module","0.0.1"]
13 verbose parsed url { protocol: null,
13 verbose parsed url   slashes: null,
13 verbose parsed url   auth: null,
13 verbose parsed url   host: null,
13 verbose parsed url   port: null,
13 verbose parsed url   hostname: null,
13 verbose parsed url   hash: null,
13 verbose parsed url   search: null,
13 verbose parsed url   query: null,
13 verbose parsed url   pathname: '0.0.1',
13 verbose parsed url   path: '0.0.1',
13 verbose parsed url   href: '0.0.1' }
14 verbose addNamed [ 'hello-module', '0.0.1' ]
15 verbose addNamed [ '0.0.1', '0.0.1' ]
16 silly lockFile 8986a023-hello-module-0-0-1 hello-module@0.0.1
17 verbose lock hello-module@0.0.1 /Users/alex/.npm/8986a023-hello-module-0-0-1.lock
18 verbose url raw hello-module/0.0.1
19 verbose url resolving [ 'https://registry.npmjs.org/', './hello-module/0.0.1' ]
20 verbose url resolved https://registry.npmjs.org/hello-module/0.0.1
21 info trying registry request attempt 1 at 14:13:05
22 http GET https://registry.npmjs.org/hello-module/0.0.1
23 http 404 https://registry.npmjs.org/hello-module/0.0.1
24 silly registry.get cb [ 404,
24 silly registry.get   { date: 'Sun, 29 Dec 2013 19:13:01 GMT',
24 silly registry.get     server: 'CouchDB/1.5.0 (Erlang OTP/R15B03)',
24 silly registry.get     'content-type': 'application/json',
24 silly registry.get     'cache-control': 'max-age=0',
24 silly registry.get     'content-length': '52',
24 silly registry.get     'accept-ranges': 'bytes',
24 silly registry.get     via: '1.1 varnish',
24 silly registry.get     age: '0',
24 silly registry.get     'x-served-by': 'cache-v36-ASH',
24 silly registry.get     'x-cache': 'MISS',
24 silly registry.get     'x-cache-hits': '0',
24 silly registry.get     'x-timer': 'S1388344381.099469662,VS0,VE50',
24 silly registry.get     'keep-alive': 'timeout=10, max=50',
24 silly registry.get     connection: 'Keep-Alive' } ]
25 silly lockFile 8986a023-hello-module-0-0-1 hello-module@0.0.1
26 silly lockFile 8986a023-hello-module-0-0-1 hello-module@0.0.1
27 error 404 'hello-module' is not in the npm registry.
27 error 404 You should bug the author to publish it
27 error 404
27 error 404 Note that you can also install from a
27 error 404 tarball, folder, or http url, or git url.
28 error System Darwin 13.0.0
29 error command "node" "/usr/local/bin/npm" "install"
30 error cwd /Users/alex/src/node-cpp
31 error node -v v0.10.24
32 error npm -v 1.3.21
33 error code E404
34 verbose exit [ 1, true ]
